<?xml version="1.0" encoding="UTF-8"?>
<!-- Generated by org.testng.reporters.JUnitReportReporter -->
<testsuite hostname="Debasish" failures="0" tests="20" name="in.debasish.parallelTesting.InvocationCount" time="0.024" errors="0" timestamp="2023-08-15T22:57:27 IST" skipped="0">
  <testcase classname="in.debasish.parallelTesting.InvocationCount" name="Test" time="0.000"/>
  <testcase classname="in.debasish.parallelTesting.InvocationCount" name="Test" time="0.001"/>
  <testcase classname="in.debasish.parallelTesting.InvocationCount" name="Test" time="0.001"/>
  <testcase classname="in.debasish.parallelTesting.InvocationCount" name="Test" time="0.001"/>
  <testcase classname="in.debasish.parallelTesting.InvocationCount" name="Test" time="0.001"/>
  <testcase classname="in.debasish.parallelTesting.InvocationCount" name="Test" time="0.001"/>
  <testcase classname="in.debasish.parallelTesting.InvocationCount" name="Test" time="0.001"/>
  <testcase classname="in.debasish.parallelTesting.InvocationCount" name="Test" time="0.001"/>
  <testcase classname="in.debasish.parallelTesting.InvocationCount" name="Test" time="0.009"/>
  <testcase classname="in.debasish.parallelTesting.InvocationCount" name="Test" time="0.000"/>
  <testcase classname="in.debasish.parallelTesting.InvocationCount" name="Test" time="0.001"/>
  <testcase classname="in.debasish.parallelTesting.InvocationCount" name="Test" time="0.000"/>
  <testcase classname="in.debasish.parallelTesting.InvocationCount" name="Test" time="0.001"/>
  <testcase classname="in.debasish.parallelTesting.InvocationCount" name="Test" time="0.001"/>
  <testcase classname="in.debasish.parallelTesting.InvocationCount" name="Test" time="0.001"/>
  <testcase classname="in.debasish.parallelTesting.InvocationCount" name="Test" time="0.001"/>
  <testcase classname="in.debasish.parallelTesting.InvocationCount" name="Test" time="0.001"/>
  <testcase classname="in.debasish.parallelTesting.InvocationCount" name="Test" time="0.000"/>
  <testcase classname="in.debasish.parallelTesting.InvocationCount" name="Test" time="0.001"/>
  <testcase classname="in.debasish.parallelTesting.InvocationCount" name="Test" time="0.001"/>
</testsuite> <!-- in.debasish.parallelTesting.InvocationCount -->
