<?xml version="1.0" encoding="UTF-8"?>
<!-- Generated by org.testng.reporters.JUnitReportReporter -->
<testsuite hostname="Debasish" failures="0" tests="2" name="in.debasish.pom.LoginTest" time="1.438" errors="0" timestamp="2023-08-17T15:32:52 IST" skipped="0">
  <testcase classname="in.debasish.pom.LoginTest" name="testLogo" time="0.048"/>
  <testcase classname="in.debasish.pom.LoginTest" name="testLogin" time="1.390"/>
</testsuite> <!-- in.debasish.pom.LoginTest -->
