<?xml version="1.0" encoding="UTF-8"?>
<!-- Generated by org.testng.reporters.JUnitReportReporter -->
<testsuite hostname="Debasish" failures="0" tests="1" name="in.debasish.testng.Dependency" time="0.003" errors="0" timestamp="2023-08-13T13:04:38 IST" skipped="0">
  <testcase classname="in.debasish.testng.Dependency" name="abc" time="0.003"/>
</testsuite> <!-- in.debasish.testng.Dependency -->
