<?xml version="1.0" encoding="UTF-8"?>
<!-- Generated by org.testng.reporters.JUnitReportReporter -->
<testsuite hostname="Debasish" failures="0" tests="2" name="in.debasish.testng.BeforeCls" time="0.007" errors="0" timestamp="2023-08-13T13:15:18 IST" skipped="0">
  <testcase classname="in.debasish.testng.BeforeCls" name="search" time="0.006"/>
  <testcase classname="in.debasish.testng.BeforeCls" name="advacedsearch" time="0.001"/>
</testsuite> <!-- in.debasish.testng.BeforeCls -->
