<?xml version="1.0" encoding="UTF-8"?>
<!-- Generated by org.testng.reporters.JUnitReportReporter -->
<testsuite hostname="Debasish" failures="0" tests="3" name="in.debasish.seleniumNotes.ActiTime_Tooltip" time="20.658" errors="0" timestamp="2023-08-13T22:54:24 IST" skipped="0">
  <testcase classname="in.debasish.seleniumNotes.ActiTime_Tooltip" name="launcAndLogin" time="15.360"/>
  <testcase classname="in.debasish.seleniumNotes.ActiTime_Tooltip" name="TooltipAccess" time="5.182"/>
  <testcase classname="in.debasish.seleniumNotes.ActiTime_Tooltip" name="closeApp" time="0.116"/>
</testsuite> <!-- in.debasish.seleniumNotes.ActiTime_Tooltip -->
