<?xml version="1.0" encoding="UTF-8"?>
<!-- Generated by org.testng.reporters.JUnitReportReporter -->
<testsuite hostname="Debasish" failures="0" tests="3" name="in.debasish.testng.FirstTestNGCase" time="0.002" errors="0" timestamp="2023-08-08T19:42:23 IST" skipped="0">
  <testcase classname="in.debasish.testng.FirstTestNGCase" name="logIn" time="0.001"/>
  <testcase classname="in.debasish.testng.FirstTestNGCase" name="Application" time="0.000"/>
  <testcase classname="in.debasish.testng.FirstTestNGCase" name="logOut" time="0.001"/>
</testsuite> <!-- in.debasish.testng.FirstTestNGCase -->
