<?xml version="1.0" encoding="UTF-8"?>
<!-- Generated by org.testng.reporters.JUnitReportReporter -->
<testsuite hostname="Debasish" failures="0" tests="1" name="in.debasish.Tables.WayToAoutomation" time="5.753" errors="0" timestamp="2023-08-18T16:19:27 IST" skipped="0">
  <testcase classname="in.debasish.Tables.WayToAoutomation" name="paginationNavigation" time="5.753"/>
</testsuite> <!-- in.debasish.Tables.WayToAoutomation -->
