<?xml version="1.0" encoding="UTF-8"?>
<!-- Generated by org.testng.reporters.JUnitReportReporter -->
<testsuite hostname="Debasish" failures="0" tests="4" name="in.debasish.parallelTesting.ParallelTesting" time="0.200" errors="0" timestamp="2023-08-16T00:14:15 IST" skipped="0">
  <testcase classname="in.debasish.parallelTesting.ParallelTesting" name="testLogo" time="0.096"/>
  <testcase classname="in.debasish.parallelTesting.ParallelTesting" name="testLogo" time="0.089"/>
  <testcase classname="in.debasish.parallelTesting.ParallelTesting" name="testHomePageTitle" time="0.007"/>
  <testcase classname="in.debasish.parallelTesting.ParallelTesting" name="testHomePageTitle" time="0.008"/>
</testsuite> <!-- in.debasish.parallelTesting.ParallelTesting -->
