<?xml version="1.0" encoding="UTF-8"?>
<!-- Generated by org.testng.reporters.JUnitReportReporter -->
<testsuite hostname="Debasish" failures="0" tests="1" name="in.debasish.datepicker.MakeMyTrip" time="1.149" errors="0" timestamp="2023-09-13T19:26:00 IST" skipped="0">
  <testcase classname="in.debasish.datepicker.MakeMyTrip" name="datePicker" time="1.149"/>
</testsuite> <!-- in.debasish.datepicker.MakeMyTrip -->
