<?xml version="1.0" encoding="UTF-8"?>
<!-- Generated by org.testng.reporters.JUnitReportReporter -->
<testsuite hostname="Debasish" failures="0" tests="2" name="in.debasish.CompleteProjects.GuruBanking" time="22.593" errors="0" timestamp="2023-08-18T16:09:53 IST" skipped="0">
  <testcase classname="in.debasish.CompleteProjects.GuruBanking" name="Login" time="1.735"/>
  <testcase classname="in.debasish.CompleteProjects.GuruBanking" name="AddNewCustomer" time="20.858"/>
</testsuite> <!-- in.debasish.CompleteProjects.GuruBanking -->
