<?xml version="1.0" encoding="UTF-8"?>
<!-- Generated by org.testng.reporters.JUnitReportReporter -->
<testsuite hostname="Debasish" failures="0" tests="3" name="in.debasish.testng.secondTest" time="19.109" errors="0" timestamp="2023-08-08T19:42:23 IST" skipped="0">
  <testcase classname="in.debasish.testng.secondTest" name="openApp" time="16.462"/>
  <testcase classname="in.debasish.testng.secondTest" name="logIn" time="2.449"/>
  <testcase classname="in.debasish.testng.secondTest" name="closeApp" time="0.198"/>
</testsuite> <!-- in.debasish.testng.secondTest -->
