<?xml version="1.0" encoding="UTF-8"?>
<!-- Generated by org.testng.reporters.JUnitReportReporter -->
<testsuite hostname="Debasish" failures="0" tests="9" name="in.debasish.grouping.Grouping" time="0.015" errors="0" timestamp="2023-08-14T20:57:54 IST" skipped="0">
  <testcase classname="in.debasish.grouping.Grouping" name="loginByEmail" time="0.009"/>
  <testcase classname="in.debasish.grouping.Grouping" name="loginByfacebook" time="0.001"/>
  <testcase classname="in.debasish.grouping.Grouping" name="loginBytwitter" time="0.001"/>
  <testcase classname="in.debasish.grouping.Grouping" name="signupbyemail" time="0.001"/>
  <testcase classname="in.debasish.grouping.Grouping" name="signupbyfacebook" time="0.000"/>
  <testcase classname="in.debasish.grouping.Grouping" name="signupbytwitter" time="0.000"/>
  <testcase classname="in.debasish.grouping.Grouping" name="paymentindollar" time="0.001"/>
  <testcase classname="in.debasish.grouping.Grouping" name="paymentinrupees" time="0.001"/>
  <testcase classname="in.debasish.grouping.Grouping" name="paymentReturnbyBank" time="0.001"/>
</testsuite> <!-- in.debasish.grouping.Grouping -->
