<?xml version="1.0" encoding="UTF-8"?>
<!-- Generated by org.testng.reporters.JUnitReportReporter -->
<testsuite hostname="Debasish" failures="0" tests="2" name="in.debasish.testng.Beforemthhd" time="0.011" errors="0" timestamp="2023-08-13T13:32:12 IST" skipped="0">
  <testcase classname="in.debasish.testng.Beforemthhd" name="search" time="0.004"/>
  <testcase classname="in.debasish.testng.Beforemthhd" name="advacedsearch" time="0.007"/>
</testsuite> <!-- in.debasish.testng.Beforemthhd -->
