<?xml version="1.0" encoding="UTF-8"?>
<!-- Generated by org.testng.reporters.JUnitReportReporter -->
<testsuite hostname="Debasish" failures="0" tests="1" name="in.debasish.datepicker.RedBusDatepicker" time="7.735" errors="0" timestamp="2023-08-19T20:26:43 IST" skipped="0">
  <testcase classname="in.debasish.datepicker.RedBusDatepicker" name="datePicker" time="7.735"/>
</testsuite> <!-- in.debasish.datepicker.RedBusDatepicker -->
