<?xml version="1.0" encoding="UTF-8"?>
<!-- Generated by org.testng.reporters.JUnitReportReporter -->
<testsuite hostname="Debasish" failures="0" tests="3" name="in.debasish.seleniumNotes.ActiTime1" time="36.987" errors="0" timestamp="2023-08-11T23:57:54 IST" skipped="0">
  <testcase classname="in.debasish.seleniumNotes.ActiTime1" name="launcAndLogin" time="20.101"/>
  <testcase classname="in.debasish.seleniumNotes.ActiTime1" name="clickOnSetting" time="11.751"/>
  <testcase classname="in.debasish.seleniumNotes.ActiTime1" name="logOut" time="5.135"/>
</testsuite> <!-- in.debasish.seleniumNotes.ActiTime1 -->
