<?xml version="1.0" encoding="UTF-8"?>
<!-- Generated by org.testng.reporters.JUnitReportReporter -->
<testsuite hostname="Debasish" failures="0" tests="1" name="in.debasish.seleniumNotes.AlighnmentValidation" time="10.046" errors="0" timestamp="2023-08-11T14:50:34 IST" skipped="0">
  <testcase classname="in.debasish.seleniumNotes.AlighnmentValidation" name="launcAndLogin" time="10.046"/>
</testsuite> <!-- in.debasish.seleniumNotes.AlighnmentValidation -->
