<?xml version="1.0" encoding="UTF-8"?>
<!-- Generated by org.testng.reporters.JUnitReportReporter -->
<testsuite hostname="Debasish" failures="0" tests="1" name="in.debasish.testng.Class1" time="0.006" errors="0" timestamp="2023-08-13T21:50:39 IST" skipped="0">
  <testcase classname="in.debasish.testng.Class1" name="abc" time="0.006"/>
</testsuite> <!-- in.debasish.testng.Class1 -->
