<?xml version="1.0" encoding="UTF-8"?>
<!-- Generated by org.testng.reporters.JUnitReportReporter -->
<testsuite hostname="Debasish" failures="0" tests="1" name="in.debasish.testng.Annotations1" time="0.005" errors="0" timestamp="2023-08-13T13:10:31 IST" skipped="0">
  <testcase classname="in.debasish.testng.Annotations1" name="xyz" time="0.005"/>
</testsuite> <!-- in.debasish.testng.Annotations1 -->
